update-alternatives 2025-01-23 22:43:01: run with --install /usr/sbin/sendmail-mta sendmail-mta /usr/libexec/sendmail/sendmail 25 --slave /usr/share/man/man8/sendmail-mta.8.gz sendmail-mta.8.gz /usr/share/man/man8/sendmail.sendmail.8.gz --slave /usr/sbin/runq runq /usr/share/sendmail/runq --slave /usr/share/man/man8/runq.8.gz runq.8.gz /usr/share/man/man8/runq.sendmail.8.gz --slave /usr/sbin/newaliases newaliases /usr/share/sendmail/newaliases --slave /usr/share/man/man8/newaliases.8.gz newaliases.8.gz /usr/share/man/man8/newaliases.sendmail.8.gz --slave /usr/bin/mailq mailq /usr/share/sendmail/mailq --slave /usr/share/man/man1/mailq.1.gz mailq.1.gz /usr/share/man/man1/mailq.sendmail.1.gz --slave /usr/share/man/man5/aliases.5.gz aliases.5.gz /usr/share/man/man5/aliases.sendmail.5.gz
update-alternatives 2025-01-23 22:43:01: link group sendmail-mta updated to point to /usr/libexec/sendmail/sendmail
update-alternatives 2025-01-23 22:43:01: run with --install /usr/sbin/sendmail-msp sendmail-msp /usr/libexec/sendmail/sendmail 25 --slave /usr/share/man/man8/sendmail-msp.8.gz sendmail-msp.8.gz /usr/share/man/man8/sendmail.sendmail.8.gz --slave /usr/sbin/sendmail sendmail /usr/libexec/sendmail/sendmail --slave /usr/lib/sendmail lib.sendmail /usr/libexec/sendmail/sendmail --slave /usr/share/man/man8/sendmail.8.gz sendmail.8.gz /usr/share/man/man8/sendmail.sendmail.8.gz
update-alternatives 2025-01-23 22:43:01: link group sendmail-msp updated to point to /usr/libexec/sendmail/sendmail
update-alternatives 2025-01-23 22:48:56: run with --remove sendmail-mta /usr/libexec/sendmail/sendmail
update-alternatives 2025-01-23 22:48:56: link group sendmail-mta fully removed
update-alternatives 2025-01-23 22:48:56: run with --remove sendmail-msp /usr/libexec/sendmail/sendmail
update-alternatives 2025-01-23 22:48:56: link group sendmail-msp fully removed
update-alternatives 2025-01-23 22:50:26: run with --install /bin/mt mt /bin/mt-gnu 10 --slave /usr/share/man/man1/mt.1.gz mt.1.gz /usr/share/man/man1/mt-gnu.1.gz
update-alternatives 2025-01-23 22:50:26: link group mt updated to point to /bin/mt-gnu
update-alternatives 2025-01-23 22:51:39: run with --install /etc/mysql/my.cnf my.cnf /etc/mysql/my.cnf.fallback 100
update-alternatives 2025-01-23 22:51:39: link group my.cnf updated to point to /etc/mysql/my.cnf.fallback
update-alternatives 2025-01-23 22:51:39: run with --install /etc/mysql/my.cnf my.cnf /etc/mysql/mariadb.cnf 200
update-alternatives 2025-01-23 22:51:39: link group my.cnf updated to point to /etc/mysql/mariadb.cnf
update-alternatives 2025-01-23 22:51:39: run with --install /usr/bin/frm frm /usr/bin/frm.mailutils 20 --slave /usr/share/man/man1/frm.1.gz frm.1.gz /usr/share/man/man1/frm.mailutils.1.gz
update-alternatives 2025-01-23 22:51:39: link group frm updated to point to /usr/bin/frm.mailutils
update-alternatives 2025-01-23 22:51:39: run with --install /usr/bin/from from /usr/bin/from.mailutils 20 --slave /usr/share/man/man1/from.1.gz from.1.gz /usr/share/man/man1/from.mailutils.1.gz
update-alternatives 2025-01-23 22:51:39: link group from updated to point to /usr/bin/from.mailutils
update-alternatives 2025-01-23 22:51:39: run with --install /usr/bin/messages messages /usr/bin/messages.mailutils 20 --slave /usr/share/man/man1/messages.1.gz messages.1.gz /usr/share/man/man1/messages.mailutils.1.gz
update-alternatives 2025-01-23 22:51:39: link group messages updated to point to /usr/bin/messages.mailutils
update-alternatives 2025-01-23 22:51:39: run with --install /usr/bin/movemail movemail /usr/bin/movemail.mailutils 20 --slave /usr/share/man/man1/movemail.1.gz movemail.1.gz /usr/share/man/man1/movemail.mailutils.1.gz
update-alternatives 2025-01-23 22:51:39: link group movemail updated to point to /usr/bin/movemail.mailutils
update-alternatives 2025-01-23 22:51:39: run with --install /usr/bin/readmsg readmsg /usr/bin/readmsg.mailutils 20 --slave /usr/share/man/man1/readmsg.1.gz readmsg.1.gz /usr/share/man/man1/readmsg.mailutils.1.gz
update-alternatives 2025-01-23 22:51:39: link group readmsg updated to point to /usr/bin/readmsg.mailutils
update-alternatives 2025-01-23 22:51:39: run with --install /usr/bin/dotlock dotlock /usr/bin/dotlock.mailutils 4 --slave /usr/share/man/man1/dotlock.1.gz dotlock.1.gz /usr/share/man/man1/dotlock.mailutils.1.gz
update-alternatives 2025-01-23 22:51:39: link group dotlock updated to point to /usr/bin/dotlock.mailutils
update-alternatives 2025-01-23 22:51:39: run with --install /usr/bin/mailx mailx /usr/bin/mail.mailutils 30 --slave /usr/share/man/man1/mailx.1.gz mailx.1.gz /usr/share/man/man1/mail.mailutils.1.gz --slave /usr/bin/mail mail /usr/bin/mail.mailutils --slave /usr/share/man/man1/mail.1.gz mail.1.gz /usr/share/man/man1/mail.mailutils.1.gz
update-alternatives 2025-01-23 22:51:39: link group mailx updated to point to /usr/bin/mail.mailutils
update-alternatives 2025-01-25 14:00:54: run with --install /usr/bin/mailx mailx /usr/bin/bsd-mailx 50 --slave /usr/bin/mail mail /usr/bin/bsd-mailx --slave /usr/bin/Mail Mail /usr/bin/bsd-mailx --slave /usr/share/man/man1/mailx.1.gz mailx.1.gz /usr/share/man/man1/bsd-mailx.1.gz --slave /usr/share/man/man1/mail.1.gz mail.1.gz /usr/share/man/man1/bsd-mailx.1.gz --slave /usr/share/man/man1/Mail.1.gz Mail.1.gz /usr/share/man/man1/bsd-mailx.1.gz
update-alternatives 2025-01-25 14:00:54: link group mailx updated to point to /usr/bin/bsd-mailx
update-alternatives 2025-01-25 14:03:45: run with --install /usr/bin/editor editor /bin/nano 40 --slave /usr/share/man/man1/editor.1.gz editor.1.gz /usr/share/man/man1/nano.1.gz
update-alternatives 2025-01-25 14:03:45: link group editor updated to point to /bin/nano
update-alternatives 2025-01-25 14:03:45: run with --install /usr/bin/pico pico /bin/nano 10 --slave /usr/share/man/man1/pico.1.gz pico.1.gz /usr/share/man/man1/nano.1.gz
update-alternatives 2025-01-25 14:03:45: link group pico updated to point to /bin/nano
