2025-01-23 22:42:56 startup archives unpack
2025-01-23 22:42:56 install python3-idna:all <none> 3.3-1+deb12u1
2025-01-23 22:42:56 status half-installed python3-idna:all 3.3-1+deb12u1
2025-01-23 22:42:56 status unpacked python3-idna:all 3.3-1+deb12u1
2025-01-23 22:42:56 install python3-cffi-backend:amd64 <none> 1.15.1-5+b1
2025-01-23 22:42:56 status half-installed python3-cffi-backend:amd64 1.15.1-5+b1
2025-01-23 22:42:56 status unpacked python3-cffi-backend:amd64 1.15.1-5+b1
2025-01-23 22:42:56 install libc-ares2:amd64 <none> 1.18.1-3
2025-01-23 22:42:56 status triggers-pending libc-bin:amd64 2.36-9+deb12u9
2025-01-23 22:42:56 status half-installed libc-ares2:amd64 1.18.1-3
2025-01-23 22:42:56 status unpacked libc-ares2:amd64 1.18.1-3
2025-01-23 22:42:56 install python3-pycares:amd64 <none> 4.3.0-2
2025-01-23 22:42:56 status half-installed python3-pycares:amd64 4.3.0-2
2025-01-23 22:42:56 status unpacked python3-pycares:amd64 4.3.0-2
2025-01-23 22:42:56 install python3-aiodns:all <none> 3.0.0-2
2025-01-23 22:42:56 status half-installed python3-aiodns:all 3.0.0-2
2025-01-23 22:42:56 status unpacked python3-aiodns:all 3.0.0-2
2025-01-23 22:42:56 install python3-multidict:amd64 <none> 6.0.4-1+b1
2025-01-23 22:42:56 status half-installed python3-multidict:amd64 6.0.4-1+b1
2025-01-23 22:42:56 status unpacked python3-multidict:amd64 6.0.4-1+b1
2025-01-23 22:42:56 install python3-yarl:amd64 <none> 1.8.2-1+b1
2025-01-23 22:42:56 status half-installed python3-yarl:amd64 1.8.2-1+b1
2025-01-23 22:42:56 status unpacked python3-yarl:amd64 1.8.2-1+b1
2025-01-23 22:42:56 install python3-typing-extensions:all <none> 4.4.0-1
2025-01-23 22:42:56 status half-installed python3-typing-extensions:all 4.4.0-1
2025-01-23 22:42:56 status unpacked python3-typing-extensions:all 4.4.0-1
2025-01-23 22:42:56 install python3-async-timeout:all <none> 4.0.2-1
2025-01-23 22:42:56 status half-installed python3-async-timeout:all 4.0.2-1
2025-01-23 22:42:56 status unpacked python3-async-timeout:all 4.0.2-1
2025-01-23 22:42:56 install python3-frozenlist:amd64 <none> 1.3.3-1+b1
2025-01-23 22:42:56 status half-installed python3-frozenlist:amd64 1.3.3-1+b1
2025-01-23 22:42:56 status unpacked python3-frozenlist:amd64 1.3.3-1+b1
2025-01-23 22:42:56 install python3-aiosignal:all <none> 1.3.1-1
2025-01-23 22:42:56 status half-installed python3-aiosignal:all 1.3.1-1
2025-01-23 22:42:56 status unpacked python3-aiosignal:all 1.3.1-1
2025-01-23 22:42:56 install python3-attr:all <none> 22.2.0-1
2025-01-23 22:42:56 status half-installed python3-attr:all 22.2.0-1
2025-01-23 22:42:57 status unpacked python3-attr:all 22.2.0-1
2025-01-23 22:42:57 install python3-charset-normalizer:all <none> 3.0.1-2
2025-01-23 22:42:57 status half-installed python3-charset-normalizer:all 3.0.1-2
2025-01-23 22:42:57 status unpacked python3-charset-normalizer:all 3.0.1-2
2025-01-23 22:42:57 install python3-aiohttp:amd64 <none> 3.8.4-1+deb12u1
2025-01-23 22:42:57 status half-installed python3-aiohttp:amd64 3.8.4-1+deb12u1
2025-01-23 22:42:57 status unpacked python3-aiohttp:amd64 3.8.4-1+deb12u1
2025-01-23 22:42:57 install libyaml-0-2:amd64 <none> 0.2.5-1
2025-01-23 22:42:57 status half-installed libyaml-0-2:amd64 0.2.5-1
2025-01-23 22:42:57 status unpacked libyaml-0-2:amd64 0.2.5-1
2025-01-23 22:42:57 install python3-yaml:amd64 <none> 6.0-3+b2
2025-01-23 22:42:57 status half-installed python3-yaml:amd64 6.0-3+b2
2025-01-23 22:42:57 status unpacked python3-yaml:amd64 6.0-3+b2
2025-01-23 22:42:57 install python3-aiosqlite:all <none> 0.17.0-2
2025-01-23 22:42:57 status half-installed python3-aiosqlite:all 0.17.0-2
2025-01-23 22:42:57 status unpacked python3-aiosqlite:all 0.17.0-2
2025-01-23 22:42:57 install python3-hiredis:amd64 <none> 1.0.1-2+b3
2025-01-23 22:42:57 status half-installed python3-hiredis:amd64 1.0.1-2+b3
2025-01-23 22:42:57 status unpacked python3-hiredis:amd64 1.0.1-2+b3
2025-01-23 22:42:57 install python3-aioredis:all <none> 1.3.1-2
2025-01-23 22:42:57 status half-installed python3-aioredis:all 1.3.1-2
2025-01-23 22:42:57 status unpacked python3-aioredis:all 1.3.1-2
2025-01-23 22:42:57 install postfix-mta-sts-resolver:all <none> 1.1.2-1.1
2025-01-23 22:42:57 status half-installed postfix-mta-sts-resolver:all 1.1.2-1.1
2025-01-23 22:42:57 status unpacked postfix-mta-sts-resolver:all 1.1.2-1.1
2025-01-23 22:42:57 install netbase:all <none> 6.4
2025-01-23 22:42:57 status half-installed netbase:all 6.4
2025-01-23 22:42:57 status unpacked netbase:all 6.4
2025-01-23 22:42:57 install liblockfile-bin:amd64 <none> 1.17-1+b1
2025-01-23 22:42:57 status half-installed liblockfile-bin:amd64 1.17-1+b1
2025-01-23 22:42:57 status unpacked liblockfile-bin:amd64 1.17-1+b1
2025-01-23 22:42:57 install liblockfile1:amd64 <none> 1.17-1+b1
2025-01-23 22:42:57 status half-installed liblockfile1:amd64 1.17-1+b1
2025-01-23 22:42:57 status unpacked liblockfile1:amd64 1.17-1+b1
2025-01-23 22:42:57 install lockfile-progs:amd64 <none> 0.1.19
2025-01-23 22:42:57 status half-installed lockfile-progs:amd64 0.1.19
2025-01-23 22:42:57 status unpacked lockfile-progs:amd64 0.1.19
2025-01-23 22:42:57 install sendmail-base:all <none> 8.17.1.9-2+deb12u2
2025-01-23 22:42:57 status half-installed sendmail-base:all 8.17.1.9-2+deb12u2
2025-01-23 22:42:57 status unpacked sendmail-base:all 8.17.1.9-2+deb12u2
2025-01-23 22:42:57 install sendmail-cf:all <none> 8.17.1.9-2+deb12u2
2025-01-23 22:42:57 status half-installed sendmail-cf:all 8.17.1.9-2+deb12u2
2025-01-23 22:42:57 status unpacked sendmail-cf:all 8.17.1.9-2+deb12u2
2025-01-23 22:42:57 install libproc2-0:amd64 <none> 2:4.0.2-3
2025-01-23 22:42:57 status half-installed libproc2-0:amd64 2:4.0.2-3
2025-01-23 22:42:57 status unpacked libproc2-0:amd64 2:4.0.2-3
2025-01-23 22:42:57 install procps:amd64 <none> 2:4.0.2-3
2025-01-23 22:42:57 status half-installed procps:amd64 2:4.0.2-3
2025-01-23 22:42:57 status unpacked procps:amd64 2:4.0.2-3
2025-01-23 22:42:57 install libwrap0:amd64 <none> 7.6.q-32
2025-01-23 22:42:57 status half-installed libwrap0:amd64 7.6.q-32
2025-01-23 22:42:57 status unpacked libwrap0:amd64 7.6.q-32
2025-01-23 22:42:57 install sendmail-bin:amd64 <none> 8.17.1.9-2+deb12u2
2025-01-23 22:42:57 status half-installed sendmail-bin:amd64 8.17.1.9-2+deb12u2
2025-01-23 22:42:57 status unpacked sendmail-bin:amd64 8.17.1.9-2+deb12u2
2025-01-23 22:42:57 install javascript-common:all <none> 11+nmu1
2025-01-23 22:42:57 status half-installed javascript-common:all 11+nmu1
2025-01-23 22:42:57 status unpacked javascript-common:all 11+nmu1
2025-01-23 22:42:58 install libjs-jquery:all <none> 3.6.1+dfsg+~3.5.14-1
2025-01-23 22:42:58 status half-installed libjs-jquery:all 3.6.1+dfsg+~3.5.14-1
2025-01-23 22:42:58 status unpacked libjs-jquery:all 3.6.1+dfsg+~3.5.14-1
2025-01-23 22:42:58 install libuv1:amd64 <none> 1.44.2-1+deb12u1
2025-01-23 22:42:58 status half-installed libuv1:amd64 1.44.2-1+deb12u1
2025-01-23 22:42:58 status unpacked libuv1:amd64 1.44.2-1+deb12u1
2025-01-23 22:42:58 install procmail:amd64 <none> 3.22-27
2025-01-23 22:42:58 status half-installed procmail:amd64 3.22-27
2025-01-23 22:42:58 status unpacked procmail:amd64 3.22-27
2025-01-23 22:42:58 install psmisc:amd64 <none> 23.6-1
2025-01-23 22:42:58 status half-installed psmisc:amd64 23.6-1
2025-01-23 22:42:58 status unpacked psmisc:amd64 23.6-1
2025-01-23 22:42:58 install python3-six:all <none> 1.16.0-4
2025-01-23 22:42:58 status half-installed python3-six:all 1.16.0-4
2025-01-23 22:42:58 status unpacked python3-six:all 1.16.0-4
2025-01-23 22:42:58 install python3-wrapt:amd64 <none> 1.14.1-2+b2
2025-01-23 22:42:58 status half-installed python3-wrapt:amd64 1.14.1-2+b2
2025-01-23 22:42:58 status unpacked python3-wrapt:amd64 1.14.1-2+b2
2025-01-23 22:42:58 install python3-deprecated:all <none> 1.2.13-3
2025-01-23 22:42:58 status half-installed python3-deprecated:all 1.2.13-3
2025-01-23 22:42:58 status unpacked python3-deprecated:all 1.2.13-3
2025-01-23 22:42:58 install python3-packaging:all <none> 23.0-1
2025-01-23 22:42:58 status half-installed python3-packaging:all 23.0-1
2025-01-23 22:42:58 status unpacked python3-packaging:all 23.0-1
2025-01-23 22:42:58 install python3-redis:all <none> 4.3.4-3
2025-01-23 22:42:58 status half-installed python3-redis:all 4.3.4-3
2025-01-23 22:42:58 status unpacked python3-redis:all 4.3.4-3
2025-01-23 22:42:58 install python3-uvloop:amd64 <none> 0.17.0+ds1-2+b2
2025-01-23 22:42:58 status half-installed python3-uvloop:amd64 0.17.0+ds1-2+b2
2025-01-23 22:42:58 status unpacked python3-uvloop:amd64 0.17.0+ds1-2+b2
2025-01-23 22:42:58 install sensible-mda:amd64 <none> 8.17.1.9-2+deb12u2
2025-01-23 22:42:58 status half-installed sensible-mda:amd64 8.17.1.9-2+deb12u2
2025-01-23 22:42:58 status unpacked sensible-mda:amd64 8.17.1.9-2+deb12u2
2025-01-23 22:42:58 install sendmail:all <none> 8.17.1.9-2+deb12u2
2025-01-23 22:42:58 status half-installed sendmail:all 8.17.1.9-2+deb12u2
2025-01-23 22:42:58 status unpacked sendmail:all 8.17.1.9-2+deb12u2
2025-01-23 22:42:58 startup packages configure
2025-01-23 22:42:58 configure javascript-common:all 11+nmu1 <none>
2025-01-23 22:42:58 status unpacked javascript-common:all 11+nmu1
2025-01-23 22:42:58 status half-configured javascript-common:all 11+nmu1
2025-01-23 22:42:58 status installed javascript-common:all 11+nmu1
2025-01-23 22:42:58 configure python3-attr:all 22.2.0-1 <none>
2025-01-23 22:42:58 status unpacked python3-attr:all 22.2.0-1
2025-01-23 22:42:58 status half-configured python3-attr:all 22.2.0-1
2025-01-23 22:42:58 status installed python3-attr:all 22.2.0-1
2025-01-23 22:42:58 configure sendmail-cf:all 8.17.1.9-2+deb12u2 <none>
2025-01-23 22:42:58 status unpacked sendmail-cf:all 8.17.1.9-2+deb12u2
2025-01-23 22:42:58 status half-configured sendmail-cf:all 8.17.1.9-2+deb12u2
2025-01-23 22:42:58 status installed sendmail-cf:all 8.17.1.9-2+deb12u2
2025-01-23 22:42:58 configure liblockfile-bin:amd64 1.17-1+b1 <none>
2025-01-23 22:42:58 status unpacked liblockfile-bin:amd64 1.17-1+b1
2025-01-23 22:42:58 status half-configured liblockfile-bin:amd64 1.17-1+b1
2025-01-23 22:42:58 status installed liblockfile-bin:amd64 1.17-1+b1
2025-01-23 22:42:58 configure psmisc:amd64 23.6-1 <none>
2025-01-23 22:42:58 status unpacked psmisc:amd64 23.6-1
2025-01-23 22:42:58 status half-configured psmisc:amd64 23.6-1
2025-01-23 22:42:58 status installed psmisc:amd64 23.6-1
2025-01-23 22:42:58 configure libyaml-0-2:amd64 0.2.5-1 <none>
2025-01-23 22:42:58 status unpacked libyaml-0-2:amd64 0.2.5-1
2025-01-23 22:42:58 status half-configured libyaml-0-2:amd64 0.2.5-1
2025-01-23 22:42:58 status installed libyaml-0-2:amd64 0.2.5-1
2025-01-23 22:42:58 configure python3-charset-normalizer:all 3.0.1-2 <none>
2025-01-23 22:42:58 status unpacked python3-charset-normalizer:all 3.0.1-2
2025-01-23 22:42:58 status half-configured python3-charset-normalizer:all 3.0.1-2
2025-01-23 22:42:58 status installed python3-charset-normalizer:all 3.0.1-2
2025-01-23 22:42:58 configure python3-yaml:amd64 6.0-3+b2 <none>
2025-01-23 22:42:58 status unpacked python3-yaml:amd64 6.0-3+b2
2025-01-23 22:42:58 status half-configured python3-yaml:amd64 6.0-3+b2
2025-01-23 22:42:58 status installed python3-yaml:amd64 6.0-3+b2
2025-01-23 22:42:58 configure libc-ares2:amd64 1.18.1-3 <none>
2025-01-23 22:42:58 status unpacked libc-ares2:amd64 1.18.1-3
2025-01-23 22:42:58 status half-configured libc-ares2:amd64 1.18.1-3
2025-01-23 22:42:58 status installed libc-ares2:amd64 1.18.1-3
2025-01-23 22:42:58 configure python3-multidict:amd64 6.0.4-1+b1 <none>
2025-01-23 22:42:58 status unpacked python3-multidict:amd64 6.0.4-1+b1
2025-01-23 22:42:58 status half-configured python3-multidict:amd64 6.0.4-1+b1
2025-01-23 22:42:59 status installed python3-multidict:amd64 6.0.4-1+b1
2025-01-23 22:42:59 configure python3-frozenlist:amd64 1.3.3-1+b1 <none>
2025-01-23 22:42:59 status unpacked python3-frozenlist:amd64 1.3.3-1+b1
2025-01-23 22:42:59 status half-configured python3-frozenlist:amd64 1.3.3-1+b1
2025-01-23 22:42:59 status installed python3-frozenlist:amd64 1.3.3-1+b1
2025-01-23 22:42:59 configure python3-aiosignal:all 1.3.1-1 <none>
2025-01-23 22:42:59 status unpacked python3-aiosignal:all 1.3.1-1
2025-01-23 22:42:59 status half-configured python3-aiosignal:all 1.3.1-1
2025-01-23 22:42:59 status installed python3-aiosignal:all 1.3.1-1
2025-01-23 22:42:59 configure python3-async-timeout:all 4.0.2-1 <none>
2025-01-23 22:42:59 status unpacked python3-async-timeout:all 4.0.2-1
2025-01-23 22:42:59 status half-configured python3-async-timeout:all 4.0.2-1
2025-01-23 22:42:59 status installed python3-async-timeout:all 4.0.2-1
2025-01-23 22:42:59 configure python3-six:all 1.16.0-4 <none>
2025-01-23 22:42:59 status unpacked python3-six:all 1.16.0-4
2025-01-23 22:42:59 status half-configured python3-six:all 1.16.0-4
2025-01-23 22:42:59 status installed python3-six:all 1.16.0-4
2025-01-23 22:42:59 configure python3-packaging:all 23.0-1 <none>
2025-01-23 22:42:59 status unpacked python3-packaging:all 23.0-1
2025-01-23 22:42:59 status half-configured python3-packaging:all 23.0-1
2025-01-23 22:42:59 status installed python3-packaging:all 23.0-1
2025-01-23 22:42:59 configure python3-hiredis:amd64 1.0.1-2+b3 <none>
2025-01-23 22:42:59 status unpacked python3-hiredis:amd64 1.0.1-2+b3
2025-01-23 22:42:59 status half-configured python3-hiredis:amd64 1.0.1-2+b3
2025-01-23 22:42:59 status installed python3-hiredis:amd64 1.0.1-2+b3
2025-01-23 22:42:59 configure libuv1:amd64 1.44.2-1+deb12u1 <none>
2025-01-23 22:42:59 status unpacked libuv1:amd64 1.44.2-1+deb12u1
2025-01-23 22:42:59 status half-configured libuv1:amd64 1.44.2-1+deb12u1
2025-01-23 22:42:59 status installed libuv1:amd64 1.44.2-1+deb12u1
2025-01-23 22:42:59 configure libwrap0:amd64 7.6.q-32 <none>
2025-01-23 22:42:59 status unpacked libwrap0:amd64 7.6.q-32
2025-01-23 22:42:59 status half-configured libwrap0:amd64 7.6.q-32
2025-01-23 22:42:59 status installed libwrap0:amd64 7.6.q-32
2025-01-23 22:42:59 configure python3-aioredis:all 1.3.1-2 <none>
2025-01-23 22:42:59 status unpacked python3-aioredis:all 1.3.1-2
2025-01-23 22:42:59 status half-configured python3-aioredis:all 1.3.1-2
2025-01-23 22:42:59 status installed python3-aioredis:all 1.3.1-2
2025-01-23 22:42:59 configure libproc2-0:amd64 2:4.0.2-3 <none>
2025-01-23 22:42:59 status unpacked libproc2-0:amd64 2:4.0.2-3
2025-01-23 22:42:59 status half-configured libproc2-0:amd64 2:4.0.2-3
2025-01-23 22:42:59 status installed libproc2-0:amd64 2:4.0.2-3
2025-01-23 22:42:59 configure python3-idna:all 3.3-1+deb12u1 <none>
2025-01-23 22:42:59 status unpacked python3-idna:all 3.3-1+deb12u1
2025-01-23 22:42:59 status half-configured python3-idna:all 3.3-1+deb12u1
2025-01-23 22:43:00 status installed python3-idna:all 3.3-1+deb12u1
2025-01-23 22:43:00 configure python3-wrapt:amd64 1.14.1-2+b2 <none>
2025-01-23 22:43:00 status unpacked python3-wrapt:amd64 1.14.1-2+b2
2025-01-23 22:43:00 status half-configured python3-wrapt:amd64 1.14.1-2+b2
2025-01-23 22:43:00 status installed python3-wrapt:amd64 1.14.1-2+b2
2025-01-23 22:43:00 configure python3-typing-extensions:all 4.4.0-1 <none>
2025-01-23 22:43:00 status unpacked python3-typing-extensions:all 4.4.0-1
2025-01-23 22:43:00 status half-configured python3-typing-extensions:all 4.4.0-1
2025-01-23 22:43:00 status installed python3-typing-extensions:all 4.4.0-1
2025-01-23 22:43:00 configure python3-uvloop:amd64 0.17.0+ds1-2+b2 <none>
2025-01-23 22:43:00 status unpacked python3-uvloop:amd64 0.17.0+ds1-2+b2
2025-01-23 22:43:00 status half-configured python3-uvloop:amd64 0.17.0+ds1-2+b2
2025-01-23 22:43:00 status installed python3-uvloop:amd64 0.17.0+ds1-2+b2
2025-01-23 22:43:00 configure procmail:amd64 3.22-27 <none>
2025-01-23 22:43:00 status unpacked procmail:amd64 3.22-27
2025-01-23 22:43:00 status half-configured procmail:amd64 3.22-27
2025-01-23 22:43:00 status installed procmail:amd64 3.22-27
2025-01-23 22:43:00 configure procps:amd64 2:4.0.2-3 <none>
2025-01-23 22:43:00 status unpacked procps:amd64 2:4.0.2-3
2025-01-23 22:43:00 status half-configured procps:amd64 2:4.0.2-3
2025-01-23 22:43:00 status installed procps:amd64 2:4.0.2-3
2025-01-23 22:43:00 configure netbase:all 6.4 <none>
2025-01-23 22:43:00 status unpacked netbase:all 6.4
2025-01-23 22:43:00 status half-configured netbase:all 6.4
2025-01-23 22:43:00 status installed netbase:all 6.4
2025-01-23 22:43:00 configure liblockfile1:amd64 1.17-1+b1 <none>
2025-01-23 22:43:00 status unpacked liblockfile1:amd64 1.17-1+b1
2025-01-23 22:43:00 status half-configured liblockfile1:amd64 1.17-1+b1
2025-01-23 22:43:00 status installed liblockfile1:amd64 1.17-1+b1
2025-01-23 22:43:00 configure libjs-jquery:all 3.6.1+dfsg+~3.5.14-1 <none>
2025-01-23 22:43:00 status unpacked libjs-jquery:all 3.6.1+dfsg+~3.5.14-1
2025-01-23 22:43:00 status half-configured libjs-jquery:all 3.6.1+dfsg+~3.5.14-1
2025-01-23 22:43:00 status installed libjs-jquery:all 3.6.1+dfsg+~3.5.14-1
2025-01-23 22:43:00 configure python3-yarl:amd64 1.8.2-1+b1 <none>
2025-01-23 22:43:00 status unpacked python3-yarl:amd64 1.8.2-1+b1
2025-01-23 22:43:00 status half-configured python3-yarl:amd64 1.8.2-1+b1
2025-01-23 22:43:00 status installed python3-yarl:amd64 1.8.2-1+b1
2025-01-23 22:43:00 configure python3-deprecated:all 1.2.13-3 <none>
2025-01-23 22:43:00 status unpacked python3-deprecated:all 1.2.13-3
2025-01-23 22:43:00 status half-configured python3-deprecated:all 1.2.13-3
2025-01-23 22:43:00 status installed python3-deprecated:all 1.2.13-3
2025-01-23 22:43:00 configure python3-cffi-backend:amd64 1.15.1-5+b1 <none>
2025-01-23 22:43:00 status unpacked python3-cffi-backend:amd64 1.15.1-5+b1
2025-01-23 22:43:00 status half-configured python3-cffi-backend:amd64 1.15.1-5+b1
2025-01-23 22:43:00 status installed python3-cffi-backend:amd64 1.15.1-5+b1
2025-01-23 22:43:00 configure python3-aiohttp:amd64 3.8.4-1+deb12u1 <none>
2025-01-23 22:43:00 status unpacked python3-aiohttp:amd64 3.8.4-1+deb12u1
2025-01-23 22:43:00 status half-configured python3-aiohttp:amd64 3.8.4-1+deb12u1
2025-01-23 22:43:00 status installed python3-aiohttp:amd64 3.8.4-1+deb12u1
2025-01-23 22:43:00 configure python3-aiosqlite:all 0.17.0-2 <none>
2025-01-23 22:43:00 status unpacked python3-aiosqlite:all 0.17.0-2
2025-01-23 22:43:00 status half-configured python3-aiosqlite:all 0.17.0-2
2025-01-23 22:43:00 status installed python3-aiosqlite:all 0.17.0-2
2025-01-23 22:43:00 configure lockfile-progs:amd64 0.1.19 <none>
2025-01-23 22:43:00 status unpacked lockfile-progs:amd64 0.1.19
2025-01-23 22:43:00 status half-configured lockfile-progs:amd64 0.1.19
2025-01-23 22:43:00 status installed lockfile-progs:amd64 0.1.19
2025-01-23 22:43:00 configure python3-redis:all 4.3.4-3 <none>
2025-01-23 22:43:00 status unpacked python3-redis:all 4.3.4-3
2025-01-23 22:43:00 status half-configured python3-redis:all 4.3.4-3
2025-01-23 22:43:01 status installed python3-redis:all 4.3.4-3
2025-01-23 22:43:01 configure python3-pycares:amd64 4.3.0-2 <none>
2025-01-23 22:43:01 status unpacked python3-pycares:amd64 4.3.0-2
2025-01-23 22:43:01 status half-configured python3-pycares:amd64 4.3.0-2
2025-01-23 22:43:01 status installed python3-pycares:amd64 4.3.0-2
2025-01-23 22:43:01 configure sendmail-base:all 8.17.1.9-2+deb12u2 <none>
2025-01-23 22:43:01 status unpacked sendmail-base:all 8.17.1.9-2+deb12u2
2025-01-23 22:43:01 status half-configured sendmail-base:all 8.17.1.9-2+deb12u2
2025-01-23 22:43:01 status installed sendmail-base:all 8.17.1.9-2+deb12u2
2025-01-23 22:43:01 configure python3-aiodns:all 3.0.0-2 <none>
2025-01-23 22:43:01 status unpacked python3-aiodns:all 3.0.0-2
2025-01-23 22:43:01 status half-configured python3-aiodns:all 3.0.0-2
2025-01-23 22:43:01 status installed python3-aiodns:all 3.0.0-2
2025-01-23 22:43:01 configure sendmail-bin:amd64 8.17.1.9-2+deb12u2 <none>
2025-01-23 22:43:01 status unpacked sendmail-bin:amd64 8.17.1.9-2+deb12u2
2025-01-23 22:43:01 status half-configured sendmail-bin:amd64 8.17.1.9-2+deb12u2
2025-01-23 22:44:03 status installed sendmail-bin:amd64 8.17.1.9-2+deb12u2
2025-01-23 22:44:03 configure postfix-mta-sts-resolver:all 1.1.2-1.1 <none>
2025-01-23 22:44:03 status unpacked postfix-mta-sts-resolver:all 1.1.2-1.1
2025-01-23 22:44:03 status half-configured postfix-mta-sts-resolver:all 1.1.2-1.1
2025-01-23 22:44:03 status installed postfix-mta-sts-resolver:all 1.1.2-1.1
2025-01-23 22:44:03 configure sensible-mda:amd64 8.17.1.9-2+deb12u2 <none>
2025-01-23 22:44:03 status unpacked sensible-mda:amd64 8.17.1.9-2+deb12u2
2025-01-23 22:44:03 status half-configured sensible-mda:amd64 8.17.1.9-2+deb12u2
2025-01-23 22:44:03 status installed sensible-mda:amd64 8.17.1.9-2+deb12u2
2025-01-23 22:44:03 configure sendmail:all 8.17.1.9-2+deb12u2 <none>
2025-01-23 22:44:03 status unpacked sendmail:all 8.17.1.9-2+deb12u2
2025-01-23 22:44:03 status half-configured sendmail:all 8.17.1.9-2+deb12u2
2025-01-23 22:44:03 status installed sendmail:all 8.17.1.9-2+deb12u2
2025-01-23 22:44:03 trigproc libc-bin:amd64 2.36-9+deb12u9 <none>
2025-01-23 22:44:03 status half-configured libc-bin:amd64 2.36-9+deb12u9
2025-01-23 22:44:03 status installed libc-bin:amd64 2.36-9+deb12u9
2025-01-23 22:48:55 startup packages remove
2025-01-23 22:48:55 status installed sendmail:all 8.17.1.9-2+deb12u2
2025-01-23 22:48:55 remove sendmail:all 8.17.1.9-2+deb12u2 <none>
2025-01-23 22:48:55 status half-configured sendmail:all 8.17.1.9-2+deb12u2
2025-01-23 22:48:55 status half-installed sendmail:all 8.17.1.9-2+deb12u2
2025-01-23 22:48:55 status config-files sendmail:all 8.17.1.9-2+deb12u2
2025-01-23 22:48:55 status not-installed sendmail:all <none>
2025-01-23 22:48:55 startup archives unpack
2025-01-23 22:48:55 install ssl-cert:all <none> 1.1.2
2025-01-23 22:48:55 status half-installed ssl-cert:all 1.1.2
2025-01-23 22:48:55 status unpacked ssl-cert:all 1.1.2
2025-01-23 22:48:56 install cpio:amd64 <none> 2.13+dfsg-7.1
2025-01-23 22:48:56 status half-installed cpio:amd64 2.13+dfsg-7.1
2025-01-23 22:48:56 status unpacked cpio:amd64 2.13+dfsg-7.1
2025-01-23 22:48:56 startup packages remove
2025-01-23 22:48:56 status installed sendmail-bin:amd64 8.17.1.9-2+deb12u2
2025-01-23 22:48:56 remove sendmail-bin:amd64 8.17.1.9-2+deb12u2 <none>
2025-01-23 22:48:56 status half-configured sendmail-bin:amd64 8.17.1.9-2+deb12u2
2025-01-23 22:48:56 status half-installed sendmail-bin:amd64 8.17.1.9-2+deb12u2
2025-01-23 22:48:56 status config-files sendmail-bin:amd64 8.17.1.9-2+deb12u2
2025-01-23 22:48:56 startup archives unpack
2025-01-23 22:48:56 install postfix:amd64 <none> 3.7.11-0+deb12u1
2025-01-23 22:48:56 status half-installed postfix:amd64 3.7.11-0+deb12u1
2025-01-23 22:50:26 status unpacked postfix:amd64 3.7.11-0+deb12u1
2025-01-23 22:50:26 startup packages configure
2025-01-23 22:50:26 configure cpio:amd64 2.13+dfsg-7.1 <none>
2025-01-23 22:50:26 status unpacked cpio:amd64 2.13+dfsg-7.1
2025-01-23 22:50:26 status half-configured cpio:amd64 2.13+dfsg-7.1
2025-01-23 22:50:26 status installed cpio:amd64 2.13+dfsg-7.1
2025-01-23 22:50:26 configure ssl-cert:all 1.1.2 <none>
2025-01-23 22:50:26 status unpacked ssl-cert:all 1.1.2
2025-01-23 22:50:26 status half-configured ssl-cert:all 1.1.2
2025-01-23 22:50:27 status installed ssl-cert:all 1.1.2
2025-01-23 22:50:27 configure postfix:amd64 3.7.11-0+deb12u1 <none>
2025-01-23 22:50:27 status unpacked postfix:amd64 3.7.11-0+deb12u1
2025-01-23 22:50:27 status half-configured postfix:amd64 3.7.11-0+deb12u1
2025-01-23 22:50:33 status installed postfix:amd64 3.7.11-0+deb12u1
2025-01-23 22:51:37 startup archives unpack
2025-01-23 22:51:37 install gsasl-common:all <none> 2.2.0-1
2025-01-23 22:51:37 status half-installed gsasl-common:all 2.2.0-1
2025-01-23 22:51:37 status unpacked gsasl-common:all 2.2.0-1
2025-01-23 22:51:37 install libgc1:amd64 <none> 1:8.2.2-3
2025-01-23 22:51:37 status triggers-pending libc-bin:amd64 2.36-9+deb12u9
2025-01-23 22:51:37 status half-installed libgc1:amd64 1:8.2.2-3
2025-01-23 22:51:38 status unpacked libgc1:amd64 1:8.2.2-3
2025-01-23 22:51:38 install guile-3.0-libs:amd64 <none> 3.0.8-2
2025-01-23 22:51:38 status half-installed guile-3.0-libs:amd64 3.0.8-2
2025-01-23 22:51:38 status unpacked guile-3.0-libs:amd64 3.0.8-2
2025-01-23 22:51:38 install libfribidi0:amd64 <none> 1.0.8-2.1
2025-01-23 22:51:38 status half-installed libfribidi0:amd64 1.0.8-2.1
2025-01-23 22:51:38 status unpacked libfribidi0:amd64 1.0.8-2.1
2025-01-23 22:51:38 install libgssglue1:amd64 <none> 0.7-1.1
2025-01-23 22:51:38 status half-installed libgssglue1:amd64 0.7-1.1
2025-01-23 22:51:38 status unpacked libgssglue1:amd64 0.7-1.1
2025-01-23 22:51:38 install libidn12:amd64 <none> 1.41-1
2025-01-23 22:51:38 status half-installed libidn12:amd64 1.41-1
2025-01-23 22:51:38 status unpacked libidn12:amd64 1.41-1
2025-01-23 22:51:38 install libntlm0:amd64 <none> 1.6-4
2025-01-23 22:51:38 status half-installed libntlm0:amd64 1.6-4
2025-01-23 22:51:38 status unpacked libntlm0:amd64 1.6-4
2025-01-23 22:51:38 install libgsasl18:amd64 <none> 2.2.0-1
2025-01-23 22:51:38 status half-installed libgsasl18:amd64 2.2.0-1
2025-01-23 22:51:38 status unpacked libgsasl18:amd64 2.2.0-1
2025-01-23 22:51:38 install libltdl7:amd64 <none> 2.4.7-7~deb12u1
2025-01-23 22:51:38 status half-installed libltdl7:amd64 2.4.7-7~deb12u1
2025-01-23 22:51:38 status unpacked libltdl7:amd64 2.4.7-7~deb12u1
2025-01-23 22:51:38 install mailutils-common:all <none> 1:3.15-4
2025-01-23 22:51:38 status half-installed mailutils-common:all 1:3.15-4
2025-01-23 22:51:38 status unpacked mailutils-common:all 1:3.15-4
2025-01-23 22:51:38 install mysql-common:all <none> 5.8+1.1.0
2025-01-23 22:51:38 status half-installed mysql-common:all 5.8+1.1.0
2025-01-23 22:51:38 status unpacked mysql-common:all 5.8+1.1.0
2025-01-23 22:51:38 install mariadb-common:all <none> 1:10.11.6-0+deb12u1
2025-01-23 22:51:38 status half-installed mariadb-common:all 1:10.11.6-0+deb12u1
2025-01-23 22:51:38 status unpacked mariadb-common:all 1:10.11.6-0+deb12u1
2025-01-23 22:51:38 install libmariadb3:amd64 <none> 1:10.11.6-0+deb12u1
2025-01-23 22:51:38 status half-installed libmariadb3:amd64 1:10.11.6-0+deb12u1
2025-01-23 22:51:38 status unpacked libmariadb3:amd64 1:10.11.6-0+deb12u1
2025-01-23 22:51:38 install libpq5:amd64 <none> 15.10-0+deb12u1
2025-01-23 22:51:38 status half-installed libpq5:amd64 15.10-0+deb12u1
2025-01-23 22:51:38 status unpacked libpq5:amd64 15.10-0+deb12u1
2025-01-23 22:51:38 install libpython3.11:amd64 <none> 3.11.2-6+deb12u5
2025-01-23 22:51:38 status half-installed libpython3.11:amd64 3.11.2-6+deb12u5
2025-01-23 22:51:39 status unpacked libpython3.11:amd64 3.11.2-6+deb12u5
2025-01-23 22:51:39 install libmailutils9:amd64 <none> 1:3.15-4
2025-01-23 22:51:39 status half-installed libmailutils9:amd64 1:3.15-4
2025-01-23 22:51:39 status unpacked libmailutils9:amd64 1:3.15-4
2025-01-23 22:51:39 install libncurses6:amd64 <none> 6.4-4
2025-01-23 22:51:39 status half-installed libncurses6:amd64 6.4-4
2025-01-23 22:51:39 status unpacked libncurses6:amd64 6.4-4
2025-01-23 22:51:39 install mailutils:amd64 <none> 1:3.15-4
2025-01-23 22:51:39 status half-installed mailutils:amd64 1:3.15-4
2025-01-23 22:51:39 status unpacked mailutils:amd64 1:3.15-4
2025-01-23 22:51:39 startup packages configure
2025-01-23 22:51:39 configure mysql-common:all 5.8+1.1.0 <none>
2025-01-23 22:51:39 status unpacked mysql-common:all 5.8+1.1.0
2025-01-23 22:51:39 status half-configured mysql-common:all 5.8+1.1.0
2025-01-23 22:51:39 status installed mysql-common:all 5.8+1.1.0
2025-01-23 22:51:39 configure libpython3.11:amd64 3.11.2-6+deb12u5 <none>
2025-01-23 22:51:39 status unpacked libpython3.11:amd64 3.11.2-6+deb12u5
2025-01-23 22:51:39 status half-configured libpython3.11:amd64 3.11.2-6+deb12u5
2025-01-23 22:51:39 status installed libpython3.11:amd64 3.11.2-6+deb12u5
2025-01-23 22:51:39 configure libpq5:amd64 15.10-0+deb12u1 <none>
2025-01-23 22:51:39 status unpacked libpq5:amd64 15.10-0+deb12u1
2025-01-23 22:51:39 status half-configured libpq5:amd64 15.10-0+deb12u1
2025-01-23 22:51:39 status installed libpq5:amd64 15.10-0+deb12u1
2025-01-23 22:51:39 configure mariadb-common:all 1:10.11.6-0+deb12u1 <none>
2025-01-23 22:51:39 status unpacked mariadb-common:all 1:10.11.6-0+deb12u1
2025-01-23 22:51:39 status half-configured mariadb-common:all 1:10.11.6-0+deb12u1
2025-01-23 22:51:39 status installed mariadb-common:all 1:10.11.6-0+deb12u1
2025-01-23 22:51:39 configure libntlm0:amd64 1.6-4 <none>
2025-01-23 22:51:39 status unpacked libntlm0:amd64 1.6-4
2025-01-23 22:51:39 status half-configured libntlm0:amd64 1.6-4
2025-01-23 22:51:39 status installed libntlm0:amd64 1.6-4
2025-01-23 22:51:39 configure libncurses6:amd64 6.4-4 <none>
2025-01-23 22:51:39 status unpacked libncurses6:amd64 6.4-4
2025-01-23 22:51:39 status half-configured libncurses6:amd64 6.4-4
2025-01-23 22:51:39 status installed libncurses6:amd64 6.4-4
2025-01-23 22:51:39 configure libfribidi0:amd64 1.0.8-2.1 <none>
2025-01-23 22:51:39 status unpacked libfribidi0:amd64 1.0.8-2.1
2025-01-23 22:51:39 status half-configured libfribidi0:amd64 1.0.8-2.1
2025-01-23 22:51:39 status installed libfribidi0:amd64 1.0.8-2.1
2025-01-23 22:51:39 configure libidn12:amd64 1.41-1 <none>
2025-01-23 22:51:39 status unpacked libidn12:amd64 1.41-1
2025-01-23 22:51:39 status half-configured libidn12:amd64 1.41-1
2025-01-23 22:51:39 status installed libidn12:amd64 1.41-1
2025-01-23 22:51:39 configure mailutils-common:all 1:3.15-4 <none>
2025-01-23 22:51:39 status unpacked mailutils-common:all 1:3.15-4
2025-01-23 22:51:39 status half-configured mailutils-common:all 1:3.15-4
2025-01-23 22:51:39 status installed mailutils-common:all 1:3.15-4
2025-01-23 22:51:39 configure libgssglue1:amd64 0.7-1.1 <none>
2025-01-23 22:51:39 status unpacked libgssglue1:amd64 0.7-1.1
2025-01-23 22:51:39 status half-configured libgssglue1:amd64 0.7-1.1
2025-01-23 22:51:39 status installed libgssglue1:amd64 0.7-1.1
2025-01-23 22:51:39 configure libmariadb3:amd64 1:10.11.6-0+deb12u1 <none>
2025-01-23 22:51:39 status unpacked libmariadb3:amd64 1:10.11.6-0+deb12u1
2025-01-23 22:51:39 status half-configured libmariadb3:amd64 1:10.11.6-0+deb12u1
2025-01-23 22:51:39 status installed libmariadb3:amd64 1:10.11.6-0+deb12u1
2025-01-23 22:51:39 configure libgc1:amd64 1:8.2.2-3 <none>
2025-01-23 22:51:39 status unpacked libgc1:amd64 1:8.2.2-3
2025-01-23 22:51:39 status half-configured libgc1:amd64 1:8.2.2-3
2025-01-23 22:51:39 status installed libgc1:amd64 1:8.2.2-3
2025-01-23 22:51:39 configure libltdl7:amd64 2.4.7-7~deb12u1 <none>
2025-01-23 22:51:39 status unpacked libltdl7:amd64 2.4.7-7~deb12u1
2025-01-23 22:51:39 status half-configured libltdl7:amd64 2.4.7-7~deb12u1
2025-01-23 22:51:39 status installed libltdl7:amd64 2.4.7-7~deb12u1
2025-01-23 22:51:39 configure libgsasl18:amd64 2.2.0-1 <none>
2025-01-23 22:51:39 status unpacked libgsasl18:amd64 2.2.0-1
2025-01-23 22:51:39 status half-configured libgsasl18:amd64 2.2.0-1
2025-01-23 22:51:39 status installed libgsasl18:amd64 2.2.0-1
2025-01-23 22:51:39 configure gsasl-common:all 2.2.0-1 <none>
2025-01-23 22:51:39 status unpacked gsasl-common:all 2.2.0-1
2025-01-23 22:51:39 status half-configured gsasl-common:all 2.2.0-1
2025-01-23 22:51:39 status installed gsasl-common:all 2.2.0-1
2025-01-23 22:51:39 configure guile-3.0-libs:amd64 3.0.8-2 <none>
2025-01-23 22:51:39 status unpacked guile-3.0-libs:amd64 3.0.8-2
2025-01-23 22:51:39 status half-configured guile-3.0-libs:amd64 3.0.8-2
2025-01-23 22:51:39 status installed guile-3.0-libs:amd64 3.0.8-2
2025-01-23 22:51:39 configure libmailutils9:amd64 1:3.15-4 <none>
2025-01-23 22:51:39 status unpacked libmailutils9:amd64 1:3.15-4
2025-01-23 22:51:39 status half-configured libmailutils9:amd64 1:3.15-4
2025-01-23 22:51:39 status installed libmailutils9:amd64 1:3.15-4
2025-01-23 22:51:39 configure mailutils:amd64 1:3.15-4 <none>
2025-01-23 22:51:39 status unpacked mailutils:amd64 1:3.15-4
2025-01-23 22:51:39 status half-configured mailutils:amd64 1:3.15-4
2025-01-23 22:51:39 status installed mailutils:amd64 1:3.15-4
2025-01-23 22:51:39 trigproc libc-bin:amd64 2.36-9+deb12u9 <none>
2025-01-23 22:51:39 status half-configured libc-bin:amd64 2.36-9+deb12u9
2025-01-23 22:51:39 status installed libc-bin:amd64 2.36-9+deb12u9
